<?xml version="1.0" encoding="UTF-8"?>
<!-- Generated by org.testng.reporters.JUnitReportReporter -->
<testsuite hostname="LP003352" failures="0" tests="1" name="Day5.ParsingXMLResopnse" time="1.578" errors="0" timestamp="2023-11-24T14:32:36 IST" skipped="0">
  <testcase classname="Day5.ParsingXMLResopnse" name="testXMLResponseData" time="1.578"/>
  <system-out/>
</testsuite> <!-- Day5.ParsingXMLResopnse -->
