<?xml version="1.0" encoding="UTF-8"?>
<!-- Generated by org.testng.reporters.JUnitReportReporter -->
<testsuite hostname="LP003352" failures="0" tests="3" name="Day7.Authentication" time="5.679" errors="0" timestamp="2023-11-25T15:46:45 IST" skipped="0">
  <testcase classname="Day7.Authentication" name="basicAuthentication" time="3.116"/>
  <system-out/>
  <testcase classname="Day7.Authentication" name="DigestAuthentication" time="1.404"/>
  <system-out/>
  <testcase classname="Day7.Authentication" name="PreemitiveAuthentication" time="1.159"/>
  <system-out/>
</testsuite> <!-- Day7.Authentication -->
