<?xml version="1.0" encoding="UTF-8"?>
<!-- Generated by org.testng.reporters.JUnitReportReporter -->
<testsuite hostname="LP003352" failures="0" tests="1" name="Day3.Cookies" time="2.034" errors="0" timestamp="2023-11-16T16:21:12 IST" skipped="0">
  <testcase classname="Day3.Cookies" name="Singlecookies_Path" time="2.034"/>
  <system-out/>
</testsuite> <!-- Day3.Cookies -->
