<?xml version="1.0" encoding="UTF-8"?>
<!-- Generated by org.testng.reporters.JUnitReportReporter -->
<testsuite hostname="LP003352" failures="0" tests="1" name="Day3.PathAndQueryparameter" time="2.023" errors="0" timestamp="2023-11-16T16:16:59 IST" skipped="0">
  <testcase classname="Day3.PathAndQueryparameter" name="testQueryAndPathParameters" time="2.023"/>
  <system-out/>
</testsuite> <!-- Day3.PathAndQueryparameter -->
