<?xml version="1.0" encoding="UTF-8"?>
<!-- Generated by org.testng.reporters.JUnitReportReporter -->
<testsuite hostname="LP003352" failures="0" tests="4" name="Day1.HttpRequests" time="3.385" errors="0" timestamp="2023-11-14T21:07:00 IST" skipped="0">
  <testcase classname="Day1.HttpRequests" name="getUsers" time="1.883"/>
  <system-out/>
  <testcase classname="Day1.HttpRequests" name="createUser" time="0.661"/>
  <system-out/>
  <testcase classname="Day1.HttpRequests" name="updateUser" time="0.420"/>
  <system-out/>
  <testcase classname="Day1.HttpRequests" name="deleteUser" time="0.421"/>
  <system-out/>
</testsuite> <!-- Day1.HttpRequests -->
