<?xml version="1.0" encoding="UTF-8"?>
<!-- Generated by org.testng.reporters.JUnitReportReporter -->
<testsuite hostname="LP003352" failures="0" tests="2" name="Day2.DiffwaytoCreatePostRequest" time="2.789" errors="0" timestamp="2023-11-16T10:34:13 IST" skipped="0">
  <testcase classname="Day2.DiffwaytoCreatePostRequest" name="testPostusingHashMap" time="2.730"/>
  <system-out/>
  <testcase classname="Day2.DiffwaytoCreatePostRequest" name="testDelete" time="0.059"/>
  <system-out/>
</testsuite> <!-- Day2.DiffwaytoCreatePostRequest -->
